<?xml version="1.0" encoding="UTF-8"?>
<!-- Generated by org.testng.reporters.JUnitReportReporter -->
<testsuite skipped="0" hostname="DESKTOP-4N99EUM" name="com.cjc.facebookAutomation.Facebook" tests="1" failures="0" timestamp="24 Nov 2018 12:35:54 GMT" time="1.467" errors="0">
  <testcase name="enter_valid_Details" time="1.467" classname="com.cjc.facebookAutomation.Facebook"/>
</testsuite> <!-- com.cjc.facebookAutomation.Facebook -->
